<?xml version="1.0" encoding="UTF-8"?>
<testng-results ignored="0" total="1" passed="1" failed="0" skipped="0">
  <reporter-output>
  </reporter-output>
  <suite started-at="2021-01-15T22:03:12 EST" name="Default suite" finished-at="2021-01-15T22:03:21 EST" duration-ms="9540">
    <groups>
    </groups>
    <test started-at="2021-01-15T22:03:12 EST" name="Default test" finished-at="2021-01-15T22:03:21 EST" duration-ms="9540">
      <class name="com.letKodeit.Tests.PracticePageTest">
        <test-method is-config="true" signature="setUp()[pri:0, instance:com.letKodeit.Tests.PracticePageTest@3c72f59f]" started-at="2021-01-15T22:03:12 EST" name="setUp" finished-at="2021-01-15T22:03:20 EST" duration-ms="8397" status="PASS">
          <reporter-output>
          </reporter-output>
        </test-method> <!-- setUp -->
        <test-method signature="verifyHomePage()[pri:0, instance:com.letKodeit.Tests.PracticePageTest@3c72f59f]" started-at="2021-01-15T22:03:20 EST" name="verifyHomePage" finished-at="2021-01-15T22:03:20 EST" duration-ms="82" status="PASS">
          <reporter-output>
          </reporter-output>
        </test-method> <!-- verifyHomePage -->
        <test-method is-config="true" signature="tearDown()[pri:0, instance:com.letKodeit.Tests.PracticePageTest@3c72f59f]" started-at="2021-01-15T22:03:20 EST" name="tearDown" finished-at="2021-01-15T22:03:21 EST" duration-ms="1017" status="PASS">
          <reporter-output>
          </reporter-output>
        </test-method> <!-- tearDown -->
      </class> <!-- com.letKodeit.Tests.PracticePageTest -->
    </test> <!-- Default test -->
  </suite> <!-- Default suite -->
</testng-results>
